# JRE version: OpenJDK Runtime Environment Temurin-21.0.8+9 (21.0.8+9) (build 21.0.8+9-LTS)
# Java VM: OpenJDK 64-Bit Server VM Temurin-21.0.8+9 (21.0.8+9-LTS, mixed mode, sharing, tiered, compressed oops, compressed class ptrs, parallel gc, windows-amd64)
GC Precious Log:
 CardTable entry size: 512
 CPUs: 12 total, 12 available
 Memory: 32671M
 Large Page Support: Disabled
 NUMA Support: Disabled
 Compressed Oops: Enabled (32-bit)
 Alignments: Space 512K, Generation 512K, Heap 2M
 Heap Min Capacity: 100M
 Heap Initial Capacity: 100M
 Heap Max Capacity: 2G
 Pre-touch: Disabled
 Parallel Workers: 10
Heap:
 PSYoungGen      total 2560K, used 2302K [0x00000000d5580000, 0x00000000d5900000, 0x0000000100000000)
  eden space 2048K, 96% used [0x00000000d5580000,0x00000000d576f8e0,0x00000000d5780000)
  from space 512K, 62% used [0x00000000d5880000,0x00000000d58d0000,0x00000000d5900000)
  to   space 512K, 0% used [0x00000000d5800000,0x00000000d5800000,0x00000000d5880000)
 ParOldGen       total 195072K, used 142443K [0x0000000080000000, 0x000000008be80000, 0x00000000d5580000)
  object space 195072K, 73% used [0x0000000080000000,0x0000000088b1ae50,0x000000008be80000)
 Metaspace       used 88444K, committed 90176K, reserved 1179648K
  class space    used 10303K, committed 11072K, reserved 1048576K
GC Heap History (20 events):
Event: 2374.226 GC heap before
{Heap before GC invocations=795 (full 4):
 PSYoungGen      total 2560K, used 2304K [0x00000000d5580000, 0x00000000d5900000, 0x0000000100000000)
  eden space 2048K, 100% used [0x00000000d5580000,0x00000000d5780000,0x00000000d5780000)
  from space 512K, 50% used [0x00000000d5880000,0x00000000d58c0000,0x00000000d5900000)
  to   space 512K, 0% used [0x00000000d5800000,0x00000000d5800000,0x00000000d5880000)
 ParOldGen       total 195072K, used 141843K [0x0000000080000000, 0x000000008be80000, 0x00000000d5580000)
  object space 195072K, 72% used [0x0000000080000000,0x0000000088a84e50,0x000000008be80000)
 Metaspace       used 88344K, committed 90112K, reserved 1179648K
  class space    used 10302K, committed 11072K, reserved 1048576K
}
Event: 2374.227 GC heap after
{Heap after GC invocations=795 (full 4):
 PSYoungGen      total 2560K, used 256K [0x00000000d5580000, 0x00000000d5900000, 0x0000000100000000)
  eden space 2048K, 0% used [0x00000000d5580000,0x00000000d5580000,0x00000000d5780000)
  from space 512K, 50% used [0x00000000d5800000,0x00000000d5840000,0x00000000d5880000)
  to   space 512K, 0% used [0x00000000d5880000,0x00000000d5880000,0x00000000d5900000)
 ParOldGen       total 195072K, used 141907K [0x0000000080000000, 0x000000008be80000, 0x00000000d5580000)
  object space 195072K, 72% used [0x0000000080000000,0x0000000088a94e50,0x000000008be80000)
 Metaspace       used 88344K, committed 90112K, reserved 1179648K
  class space    used 10302K, committed 11072K, reserved 1048576K
}
Event: 2384.166 GC heap before
{Heap before GC invocations=796 (full 4):
 PSYoungGen      total 2560K, used 2304K [0x00000000d5580000, 0x00000000d5900000, 0x0000000100000000)
  eden space 2048K, 100% used [0x00000000d5580000,0x00000000d5780000,0x00000000d5780000)
  from space 512K, 50% used [0x00000000d5800000,0x00000000d5840000,0x00000000d5880000)
  to   space 512K, 0% used [0x00000000d5880000,0x00000000d5880000,0x00000000d5900000)
 ParOldGen       total 195072K, used 141907K [0x0000000080000000, 0x000000008be80000, 0x00000000d5580000)
  object space 195072K, 72% used [0x0000000080000000,0x0000000088a94e50,0x000000008be80000)
 Metaspace       used 88352K, committed 90112K, reserved 1179648K
  class space    used 10302K, committed 11072K, reserved 1048576K
}
Event: 2384.166 GC heap after
{Heap after GC invocations=796 (full 4):
 PSYoungGen      total 2560K, used 320K [0x00000000d5580000, 0x00000000d5900000, 0x0000000100000000)
  eden space 2048K, 0% used [0x00000000d5580000,0x00000000d5580000,0x00000000d5780000)
  from space 512K, 62% used [0x00000000d5880000,0x00000000d58d0000,0x00000000d5900000)
  to   space 512K, 0% used [0x00000000d5800000,0x00000000d5800000,0x00000000d5880000)
 ParOldGen       total 195072K, used 141971K [0x0000000080000000, 0x000000008be80000, 0x00000000d5580000)
  object space 195072K, 72% used [0x0000000080000000,0x0000000088aa4e50,0x000000008be80000)
 Metaspace       used 88352K, committed 90112K, reserved 1179648K
  class space    used 10302K, committed 11072K, reserved 1048576K
}
Event: 2390.489 GC heap before
{Heap before GC invocations=797 (full 4):
 PSYoungGen      total 2560K, used 2368K [0x00000000d5580000, 0x00000000d5900000, 0x0000000100000000)
  eden space 2048K, 100% used [0x00000000d5580000,0x00000000d5780000,0x00000000d5780000)
  from space 512K, 62% used [0x00000000d5880000,0x00000000d58d0000,0x00000000d5900000)
  to   space 512K, 0% used [0x00000000d5800000,0x00000000d5800000,0x00000000d5880000)
 ParOldGen       total 195072K, used 141971K [0x0000000080000000, 0x000000008be80000, 0x00000000d5580000)
  object space 195072K, 72% used [0x0000000080000000,0x0000000088aa4e50,0x000000008be80000)
 Metaspace       used 88363K, committed 90112K, reserved 1179648K
  class space    used 10302K, committed 11072K, reserved 1048576K
}
Event: 2390.490 GC heap after
{Heap after GC invocations=797 (full 4):
 PSYoungGen      total 2560K, used 288K [0x00000000d5580000, 0x00000000d5900000, 0x0000000100000000)
  eden space 2048K, 0% used [0x00000000d5580000,0x00000000d5580000,0x00000000d5780000)
  from space 512K, 56% used [0x00000000d5800000,0x00000000d5848000,0x00000000d5880000)
  to   space 512K, 0% used [0x00000000d5880000,0x00000000d5880000,0x00000000d5900000)
 ParOldGen       total 195072K, used 142035K [0x0000000080000000, 0x000000008be80000, 0x00000000d5580000)
  object space 195072K, 72% used [0x0000000080000000,0x0000000088ab4e50,0x000000008be80000)
 Metaspace       used 88363K, committed 90112K, reserved 1179648K
  class space    used 10302K, committed 11072K, reserved 1048576K
}
Event: 2408.736 GC heap before
{Heap before GC invocations=798 (full 4):
 PSYoungGen      total 2560K, used 2336K [0x00000000d5580000, 0x00000000d5900000, 0x0000000100000000)
  eden space 2048K, 100% used [0x00000000d5580000,0x00000000d5780000,0x00000000d5780000)
  from space 512K, 56% used [0x00000000d5800000,0x00000000d5848000,0x00000000d5880000)
  to   space 512K, 0% used [0x00000000d5880000,0x00000000d5880000,0x00000000d5900000)
 ParOldGen       total 195072K, used 142035K [0x0000000080000000, 0x000000008be80000, 0x00000000d5580000)
  object space 195072K, 72% used [0x0000000080000000,0x0000000088ab4e50,0x000000008be80000)
 Metaspace       used 88406K, committed 90176K, reserved 1179648K
  class space    used 10303K, committed 11072K, reserved 1048576K
}
Event: 2408.737 GC heap after
{Heap after GC invocations=798 (full 4):
 PSYoungGen      total 2560K, used 256K [0x00000000d5580000, 0x00000000d5900000, 0x0000000100000000)
  eden space 2048K, 0% used [0x00000000d5580000,0x00000000d5580000,0x00000000d5780000)
  from space 512K, 50% used [0x00000000d5880000,0x00000000d58c0000,0x00000000d5900000)
  to   space 512K, 0% used [0x00000000d5800000,0x00000000d5800000,0x00000000d5880000)
 ParOldGen       total 195072K, used 142075K [0x0000000080000000, 0x000000008be80000, 0x00000000d5580000)
  object space 195072K, 72% used [0x0000000080000000,0x0000000088abee50,0x000000008be80000)
 Metaspace       used 88406K, committed 90176K, reserved 1179648K
  class space    used 10303K, committed 11072K, reserved 1048576K
}
Event: 2411.364 GC heap before
{Heap before GC invocations=799 (full 4):
 PSYoungGen      total 2560K, used 2304K [0x00000000d5580000, 0x00000000d5900000, 0x0000000100000000)
  eden space 2048K, 100% used [0x00000000d5580000,0x00000000d5780000,0x00000000d5780000)
  from space 512K, 50% used [0x00000000d5880000,0x00000000d58c0000,0x00000000d5900000)
  to   space 512K, 0% used [0x00000000d5800000,0x00000000d5800000,0x00000000d5880000)
 ParOldGen       total 195072K, used 142075K [0x0000000080000000, 0x000000008be80000, 0x00000000d5580000)
  object space 195072K, 72% used [0x0000000080000000,0x0000000088abee50,0x000000008be80000)
 Metaspace       used 88406K, committed 90176K, reserved 1179648K
  class space    used 10303K, committed 11072K, reserved 1048576K
}
Event: 2411.365 GC heap after
{Heap after GC invocations=799 (full 4):
 PSYoungGen      total 2560K, used 288K [0x00000000d5580000, 0x00000000d5900000, 0x0000000100000000)
  eden space 2048K, 0% used [0x00000000d5580000,0x00000000d5580000,0x00000000d5780000)
  from space 512K, 56% used [0x00000000d5800000,0x00000000d5848000,0x00000000d5880000)
  to   space 512K, 0% used [0x00000000d5880000,0x00000000d5880000,0x00000000d5900000)
 ParOldGen       total 195072K, used 142147K [0x0000000080000000, 0x000000008be80000, 0x00000000d5580000)
  object space 195072K, 72% used [0x0000000080000000,0x0000000088ad0e50,0x000000008be80000)
 Metaspace       used 88406K, committed 90176K, reserved 1179648K
  class space    used 10303K, committed 11072K, reserved 1048576K
}
Event: 2414.107 GC heap before
{Heap before GC invocations=800 (full 4):
 PSYoungGen      total 2560K, used 2336K [0x00000000d5580000, 0x00000000d5900000, 0x0000000100000000)
  eden space 2048K, 100% used [0x00000000d5580000,0x00000000d5780000,0x00000000d5780000)
  from space 512K, 56% used [0x00000000d5800000,0x00000000d5848000,0x00000000d5880000)
  to   space 512K, 0% used [0x00000000d5880000,0x00000000d5880000,0x00000000d5900000)
 ParOldGen       total 195072K, used 142147K [0x0000000080000000, 0x000000008be80000, 0x00000000d5580000)
  object space 195072K, 72% used [0x0000000080000000,0x0000000088ad0e50,0x000000008be80000)
 Metaspace       used 88415K, committed 90176K, reserved 1179648K
  class space    used 10303K, committed 11072K, reserved 1048576K
}
Event: 2414.107 GC heap after
{Heap after GC invocations=800 (full 4):
 PSYoungGen      total 2560K, used 256K [0x00000000d5580000, 0x00000000d5900000, 0x0000000100000000)
  eden space 2048K, 0% used [0x00000000d5580000,0x00000000d5580000,0x00000000d5780000)
  from space 512K, 50% used [0x00000000d5880000,0x00000000d58c0000,0x00000000d5900000)
  to   space 512K, 0% used [0x00000000d5800000,0x00000000d5800000,0x00000000d5880000)
 ParOldGen       total 195072K, used 142203K [0x0000000080000000, 0x000000008be80000, 0x00000000d5580000)
  object space 195072K, 72% used [0x0000000080000000,0x0000000088adee50,0x000000008be80000)
 Metaspace       used 88415K, committed 90176K, reserved 1179648K
  class space    used 10303K, committed 11072K, reserved 1048576K
}
Event: 2445.753 GC heap before
{Heap before GC invocations=801 (full 4):
 PSYoungGen      total 2560K, used 2304K [0x00000000d5580000, 0x00000000d5900000, 0x0000000100000000)
  eden space 2048K, 100% used [0x00000000d5580000,0x00000000d5780000,0x00000000d5780000)
  from space 512K, 50% used [0x00000000d5880000,0x00000000d58c0000,0x00000000d5900000)
  to   space 512K, 0% used [0x00000000d5800000,0x00000000d5800000,0x00000000d5880000)
 ParOldGen       total 195072K, used 142203K [0x0000000080000000, 0x000000008be80000, 0x00000000d5580000)
  object space 195072K, 72% used [0x0000000080000000,0x0000000088adee50,0x000000008be80000)
 Metaspace       used 88423K, committed 90176K, reserved 1179648K
  class space    used 10303K, committed 11072K, reserved 1048576K
}
Event: 2445.753 GC heap after
{Heap after GC invocations=801 (full 4):
 PSYoungGen      total 2560K, used 256K [0x00000000d5580000, 0x00000000d5900000, 0x0000000100000000)
  eden space 2048K, 0% used [0x00000000d5580000,0x00000000d5580000,0x00000000d5780000)
  from space 512K, 50% used [0x00000000d5800000,0x00000000d5840000,0x00000000d5880000)
  to   space 512K, 0% used [0x00000000d5880000,0x00000000d5880000,0x00000000d5900000)
 ParOldGen       total 195072K, used 142259K [0x0000000080000000, 0x000000008be80000, 0x00000000d5580000)
  object space 195072K, 72% used [0x0000000080000000,0x0000000088aece50,0x000000008be80000)
 Metaspace       used 88423K, committed 90176K, reserved 1179648K
  class space    used 10303K, committed 11072K, reserved 1048576K
}
Event: 2472.905 GC heap before
{Heap before GC invocations=802 (full 4):
 PSYoungGen      total 2560K, used 2304K [0x00000000d5580000, 0x00000000d5900000, 0x0000000100000000)
  eden space 2048K, 100% used [0x00000000d5580000,0x00000000d5780000,0x00000000d5780000)
  from space 512K, 50% used [0x00000000d5800000,0x00000000d5840000,0x00000000d5880000)
  to   space 512K, 0% used [0x00000000d5880000,0x00000000d5880000,0x00000000d5900000)
 ParOldGen       total 195072K, used 142259K [0x0000000080000000, 0x000000008be80000, 0x00000000d5580000)
  object space 195072K, 72% used [0x0000000080000000,0x0000000088aece50,0x000000008be80000)
 Metaspace       used 88431K, committed 90176K, reserved 1179648K
  class space    used 10303K, committed 11072K, reserved 1048576K
}
Event: 2472.906 GC heap after
{Heap after GC invocations=802 (full 4):
 PSYoungGen      total 2560K, used 288K [0x00000000d5580000, 0x00000000d5900000, 0x0000000100000000)
  eden space 2048K, 0% used [0x00000000d5580000,0x00000000d5580000,0x00000000d5780000)
  from space 512K, 56% used [0x00000000d5880000,0x00000000d58c8000,0x00000000d5900000)
  to   space 512K, 0% used [0x00000000d5800000,0x00000000d5800000,0x00000000d5880000)
 ParOldGen       total 195072K, used 142323K [0x0000000080000000, 0x000000008be80000, 0x00000000d5580000)
  object space 195072K, 72% used [0x0000000080000000,0x0000000088afce50,0x000000008be80000)
 Metaspace       used 88431K, committed 90176K, reserved 1179648K
  class space    used 10303K, committed 11072K, reserved 1048576K
}
Event: 2507.878 GC heap before
{Heap before GC invocations=803 (full 4):
 PSYoungGen      total 2560K, used 2336K [0x00000000d5580000, 0x00000000d5900000, 0x0000000100000000)
  eden space 2048K, 100% used [0x00000000d5580000,0x00000000d5780000,0x00000000d5780000)
  from space 512K, 56% used [0x00000000d5880000,0x00000000d58c8000,0x00000000d5900000)
  to   space 512K, 0% used [0x00000000d5800000,0x00000000d5800000,0x00000000d5880000)
 ParOldGen       total 195072K, used 142323K [0x0000000080000000, 0x000000008be80000, 0x00000000d5580000)
  object space 195072K, 72% used [0x0000000080000000,0x0000000088afce50,0x000000008be80000)
 Metaspace       used 88433K, committed 90176K, reserved 1179648K
  class space    used 10303K, committed 11072K, reserved 1048576K
}
Event: 2507.878 GC heap after
{Heap after GC invocations=803 (full 4):
 PSYoungGen      total 2560K, used 320K [0x00000000d5580000, 0x00000000d5900000, 0x0000000100000000)
  eden space 2048K, 0% used [0x00000000d5580000,0x00000000d5580000,0x00000000d5780000)
  from space 512K, 62% used [0x00000000d5800000,0x00000000d5850000,0x00000000d5880000)
  to   space 512K, 0% used [0x00000000d5880000,0x00000000d5880000,0x00000000d5900000)
 ParOldGen       total 195072K, used 142379K [0x0000000080000000, 0x000000008be80000, 0x00000000d5580000)
  object space 195072K, 72% used [0x0000000080000000,0x0000000088b0ae50,0x000000008be80000)
 Metaspace       used 88433K, committed 90176K, reserved 1179648K
  class space    used 10303K, committed 11072K, reserved 1048576K
}
Event: 2510.113 GC heap before
{Heap before GC invocations=804 (full 4):
 PSYoungGen      total 2560K, used 2368K [0x00000000d5580000, 0x00000000d5900000, 0x0000000100000000)
  eden space 2048K, 100% used [0x00000000d5580000,0x00000000d5780000,0x00000000d5780000)
  from space 512K, 62% used [0x00000000d5800000,0x00000000d5850000,0x00000000d5880000)
  to   space 512K, 0% used [0x00000000d5880000,0x00000000d5880000,0x00000000d5900000)
 ParOldGen       total 195072K, used 142379K [0x0000000080000000, 0x000000008be80000, 0x00000000d5580000)
  object space 195072K, 72% used [0x0000000080000000,0x0000000088b0ae50,0x000000008be80000)
 Metaspace       used 88437K, committed 90176K, reserved 1179648K
  class space    used 10303K, committed 11072K, reserved 1048576K
}
Event: 2510.113 GC heap after
{Heap after GC invocations=804 (full 4):
 PSYoungGen      total 2560K, used 320K [0x00000000d5580000, 0x00000000d5900000, 0x0000000100000000)
  eden space 2048K, 0% used [0x00000000d5580000,0x00000000d5580000,0x00000000d5780000)
  from space 512K, 62% used [0x00000000d5880000,0x00000000d58d0000,0x00000000d5900000)
  to   space 512K, 0% used [0x00000000d5800000,0x00000000d5800000,0x00000000d5880000)
 ParOldGen       total 195072K, used 142443K [0x0000000080000000, 0x000000008be80000, 0x00000000d5580000)
  object space 195072K, 73% used [0x0000000080000000,0x0000000088b1ae50,0x000000008be80000)
 Metaspace       used 88437K, committed 90176K, reserved 1179648K
  class space    used 10303K, committed 11072K, reserved 1048576K
}

