# JRE version: OpenJDK Runtime Environment Temurin-21.0.8+9 (21.0.8+9) (build 21.0.8+9-LTS)
# Java VM: OpenJDK 64-Bit Server VM Temurin-21.0.8+9 (21.0.8+9-LTS, mixed mode, sharing, tiered, compressed oops, compressed class ptrs, parallel gc, windows-amd64)
GC Precious Log:
 CardTable entry size: 512
 CPUs: 12 total, 12 available
 Memory: 32671M
 Large Page Support: Disabled
 NUMA Support: Disabled
 Compressed Oops: Enabled (32-bit)
 Alignments: Space 512K, Generation 512K, Heap 2M
 Heap Min Capacity: 100M
 Heap Initial Capacity: 100M
 Heap Max Capacity: 2G
 Pre-touch: Disabled
 Parallel Workers: 10
Heap:
 PSYoungGen      total 20480K, used 15837K [0x00000000d5580000, 0x00000000d6d80000, 0x0000000100000000)
  eden space 16384K, 73% used [0x00000000d5580000,0x00000000d614bb58,0x00000000d6580000)
  from space 4096K, 91% used [0x00000000d6700000,0x00000000d6aaba48,0x00000000d6b00000)
  to   space 2560K, 0% used [0x00000000d6b00000,0x00000000d6b00000,0x00000000d6d80000)
 ParOldGen       total 68608K, used 65953K [0x0000000080000000, 0x0000000084300000, 0x00000000d5580000)
  object space 68608K, 96% used [0x0000000080000000,0x0000000084068450,0x0000000084300000)
 Metaspace       used 76278K, committed 77824K, reserved 1179648K
  class space    used 9238K, committed 9856K, reserved 1048576K
GC Heap History (20 events):
Event: 7.616 GC heap before
{Heap before GC invocations=55 (full 3):
 PSYoungGen      total 19456K, used 18752K [0x00000000d5580000, 0x00000000d6a00000, 0x0000000100000000)
  eden space 18432K, 100% used [0x00000000d5580000,0x00000000d6780000,0x00000000d6780000)
  from space 1024K, 31% used [0x00000000d6800000,0x00000000d6850000,0x00000000d6900000)
  to   space 512K, 0% used [0x00000000d6980000,0x00000000d6980000,0x00000000d6a00000)
 ParOldGen       total 68608K, used 56005K [0x0000000080000000, 0x0000000084300000, 0x00000000d5580000)
  object space 68608K, 81% used [0x0000000080000000,0x00000000836b16c0,0x0000000084300000)
 Metaspace       used 66894K, committed 68288K, reserved 1114112K
  class space    used 8302K, committed 8896K, reserved 1048576K
}
Event: 7.617 GC heap after
{Heap after GC invocations=55 (full 3):
 PSYoungGen      total 18944K, used 512K [0x00000000d5580000, 0x00000000d6a00000, 0x0000000100000000)
  eden space 18432K, 0% used [0x00000000d5580000,0x00000000d5580000,0x00000000d6780000)
  from space 512K, 100% used [0x00000000d6980000,0x00000000d6a00000,0x00000000d6a00000)
  to   space 1024K, 0% used [0x00000000d6800000,0x00000000d6800000,0x00000000d6900000)
 ParOldGen       total 68608K, used 56125K [0x0000000080000000, 0x0000000084300000, 0x00000000d5580000)
  object space 68608K, 81% used [0x0000000080000000,0x00000000836cf6d0,0x0000000084300000)
 Metaspace       used 66894K, committed 68288K, reserved 1114112K
  class space    used 8302K, committed 8896K, reserved 1048576K
}
Event: 10.301 GC heap before
{Heap before GC invocations=56 (full 3):
 PSYoungGen      total 18944K, used 18944K [0x00000000d5580000, 0x00000000d6a00000, 0x0000000100000000)
  eden space 18432K, 100% used [0x00000000d5580000,0x00000000d6780000,0x00000000d6780000)
  from space 512K, 100% used [0x00000000d6980000,0x00000000d6a00000,0x00000000d6a00000)
  to   space 1024K, 0% used [0x00000000d6800000,0x00000000d6800000,0x00000000d6900000)
 ParOldGen       total 68608K, used 56125K [0x0000000080000000, 0x0000000084300000, 0x00000000d5580000)
  object space 68608K, 81% used [0x0000000080000000,0x00000000836cf6d0,0x0000000084300000)
 Metaspace       used 67867K, committed 69376K, reserved 1114112K
  class space    used 8420K, committed 9088K, reserved 1048576K
}
Event: 10.302 GC heap after
{Heap after GC invocations=56 (full 3):
 PSYoungGen      total 19456K, used 799K [0x00000000d5580000, 0x00000000d6a00000, 0x0000000100000000)
  eden space 18432K, 0% used [0x00000000d5580000,0x00000000d5580000,0x00000000d6780000)
  from space 1024K, 78% used [0x00000000d6800000,0x00000000d68c7f50,0x00000000d6900000)
  to   space 1024K, 0% used [0x00000000d6900000,0x00000000d6900000,0x00000000d6a00000)
 ParOldGen       total 68608K, used 56635K [0x0000000080000000, 0x0000000084300000, 0x00000000d5580000)
  object space 68608K, 82% used [0x0000000080000000,0x000000008374ec98,0x0000000084300000)
 Metaspace       used 67867K, committed 69376K, reserved 1114112K
  class space    used 8420K, committed 9088K, reserved 1048576K
}
Event: 10.394 GC heap before
{Heap before GC invocations=57 (full 3):
 PSYoungGen      total 19456K, used 19231K [0x00000000d5580000, 0x00000000d6a00000, 0x0000000100000000)
  eden space 18432K, 100% used [0x00000000d5580000,0x00000000d6780000,0x00000000d6780000)
  from space 1024K, 78% used [0x00000000d6800000,0x00000000d68c7f50,0x00000000d6900000)
  to   space 1024K, 0% used [0x00000000d6900000,0x00000000d6900000,0x00000000d6a00000)
 ParOldGen       total 68608K, used 56635K [0x0000000080000000, 0x0000000084300000, 0x00000000d5580000)
  object space 68608K, 82% used [0x0000000080000000,0x000000008374ec98,0x0000000084300000)
 Metaspace       used 69037K, committed 70592K, reserved 1114112K
  class space    used 8548K, committed 9216K, reserved 1048576K
}
Event: 10.396 GC heap after
{Heap after GC invocations=57 (full 3):
 PSYoungGen      total 17408K, used 1021K [0x00000000d5580000, 0x00000000d6e80000, 0x0000000100000000)
  eden space 16384K, 0% used [0x00000000d5580000,0x00000000d5580000,0x00000000d6580000)
  from space 1024K, 99% used [0x00000000d6900000,0x00000000d69ff658,0x00000000d6a00000)
  to   space 3584K, 0% used [0x00000000d6580000,0x00000000d6580000,0x00000000d6900000)
 ParOldGen       total 68608K, used 58447K [0x0000000080000000, 0x0000000084300000, 0x00000000d5580000)
  object space 68608K, 85% used [0x0000000080000000,0x0000000083913c78,0x0000000084300000)
 Metaspace       used 69037K, committed 70592K, reserved 1114112K
  class space    used 8548K, committed 9216K, reserved 1048576K
}
Event: 10.424 GC heap before
{Heap before GC invocations=58 (full 3):
 PSYoungGen      total 17408K, used 17371K [0x00000000d5580000, 0x00000000d6e80000, 0x0000000100000000)
  eden space 16384K, 99% used [0x00000000d5580000,0x00000000d6577960,0x00000000d6580000)
  from space 1024K, 99% used [0x00000000d6900000,0x00000000d69ff658,0x00000000d6a00000)
  to   space 3584K, 0% used [0x00000000d6580000,0x00000000d6580000,0x00000000d6900000)
 ParOldGen       total 68608K, used 58447K [0x0000000080000000, 0x0000000084300000, 0x00000000d5580000)
  object space 68608K, 85% used [0x0000000080000000,0x0000000083913c78,0x0000000084300000)
 Metaspace       used 69059K, committed 70592K, reserved 1114112K
  class space    used 8549K, committed 9216K, reserved 1048576K
}
Event: 10.424 GC heap after
{Heap after GC invocations=58 (full 3):
 PSYoungGen      total 16896K, used 473K [0x00000000d5580000, 0x00000000d6980000, 0x0000000100000000)
  eden space 16384K, 0% used [0x00000000d5580000,0x00000000d5580000,0x00000000d6580000)
  from space 512K, 92% used [0x00000000d6580000,0x00000000d65f67f0,0x00000000d6600000)
  to   space 1536K, 0% used [0x00000000d6800000,0x00000000d6800000,0x00000000d6980000)
 ParOldGen       total 68608K, used 59341K [0x0000000080000000, 0x0000000084300000, 0x00000000d5580000)
  object space 68608K, 86% used [0x0000000080000000,0x00000000839f3530,0x0000000084300000)
 Metaspace       used 69059K, committed 70592K, reserved 1114112K
  class space    used 8549K, committed 9216K, reserved 1048576K
}
Event: 10.487 GC heap before
{Heap before GC invocations=59 (full 3):
 PSYoungGen      total 16896K, used 16857K [0x00000000d5580000, 0x00000000d6980000, 0x0000000100000000)
  eden space 16384K, 100% used [0x00000000d5580000,0x00000000d6580000,0x00000000d6580000)
  from space 512K, 92% used [0x00000000d6580000,0x00000000d65f67f0,0x00000000d6600000)
  to   space 1536K, 0% used [0x00000000d6800000,0x00000000d6800000,0x00000000d6980000)
 ParOldGen       total 68608K, used 59341K [0x0000000080000000, 0x0000000084300000, 0x00000000d5580000)
  object space 68608K, 86% used [0x0000000080000000,0x00000000839f3530,0x0000000084300000)
 Metaspace       used 70159K, committed 71680K, reserved 1114112K
  class space    used 8649K, committed 9280K, reserved 1048576K
}
Event: 10.488 GC heap after
{Heap after GC invocations=59 (full 3):
 PSYoungGen      total 16896K, used 288K [0x00000000d5580000, 0x00000000d6880000, 0x0000000100000000)
  eden space 16384K, 0% used [0x00000000d5580000,0x00000000d5580000,0x00000000d6580000)
  from space 512K, 56% used [0x00000000d6800000,0x00000000d6848000,0x00000000d6880000)
  to   space 512K, 0% used [0x00000000d6580000,0x00000000d6580000,0x00000000d6600000)
 ParOldGen       total 68608K, used 59413K [0x0000000080000000, 0x0000000084300000, 0x00000000d5580000)
  object space 68608K, 86% used [0x0000000080000000,0x0000000083a05530,0x0000000084300000)
 Metaspace       used 70159K, committed 71680K, reserved 1114112K
  class space    used 8649K, committed 9280K, reserved 1048576K
}
Event: 10.665 GC heap before
{Heap before GC invocations=60 (full 3):
 PSYoungGen      total 16896K, used 16672K [0x00000000d5580000, 0x00000000d6880000, 0x0000000100000000)
  eden space 16384K, 100% used [0x00000000d5580000,0x00000000d6580000,0x00000000d6580000)
  from space 512K, 56% used [0x00000000d6800000,0x00000000d6848000,0x00000000d6880000)
  to   space 512K, 0% used [0x00000000d6580000,0x00000000d6580000,0x00000000d6600000)
 ParOldGen       total 68608K, used 59413K [0x0000000080000000, 0x0000000084300000, 0x00000000d5580000)
  object space 68608K, 86% used [0x0000000080000000,0x0000000083a05530,0x0000000084300000)
 Metaspace       used 71063K, committed 72576K, reserved 1114112K
  class space    used 8741K, committed 9408K, reserved 1048576K
}
Event: 10.666 GC heap after
{Heap after GC invocations=60 (full 3):
 PSYoungGen      total 16896K, used 480K [0x00000000d5580000, 0x00000000d6880000, 0x0000000100000000)
  eden space 16384K, 0% used [0x00000000d5580000,0x00000000d5580000,0x00000000d6580000)
  from space 512K, 93% used [0x00000000d6580000,0x00000000d65f8020,0x00000000d6600000)
  to   space 1024K, 0% used [0x00000000d6780000,0x00000000d6780000,0x00000000d6880000)
 ParOldGen       total 68608K, used 59573K [0x0000000080000000, 0x0000000084300000, 0x00000000d5580000)
  object space 68608K, 86% used [0x0000000080000000,0x0000000083a2d530,0x0000000084300000)
 Metaspace       used 71063K, committed 72576K, reserved 1114112K
  class space    used 8741K, committed 9408K, reserved 1048576K
}
Event: 10.837 GC heap before
{Heap before GC invocations=61 (full 3):
 PSYoungGen      total 16896K, used 16864K [0x00000000d5580000, 0x00000000d6880000, 0x0000000100000000)
  eden space 16384K, 100% used [0x00000000d5580000,0x00000000d6580000,0x00000000d6580000)
  from space 512K, 93% used [0x00000000d6580000,0x00000000d65f8020,0x00000000d6600000)
  to   space 1024K, 0% used [0x00000000d6780000,0x00000000d6780000,0x00000000d6880000)
 ParOldGen       total 68608K, used 59573K [0x0000000080000000, 0x0000000084300000, 0x00000000d5580000)
  object space 68608K, 86% used [0x0000000080000000,0x0000000083a2d530,0x0000000084300000)
 Metaspace       used 72318K, committed 73856K, reserved 1114112K
  class space    used 8866K, committed 9536K, reserved 1048576K
}
Event: 10.837 GC heap after
{Heap after GC invocations=61 (full 3):
 PSYoungGen      total 17408K, used 1024K [0x00000000d5580000, 0x00000000d6880000, 0x0000000100000000)
  eden space 16384K, 0% used [0x00000000d5580000,0x00000000d5580000,0x00000000d6580000)
  from space 1024K, 100% used [0x00000000d6780000,0x00000000d6880000,0x00000000d6880000)
  to   space 1536K, 0% used [0x00000000d6580000,0x00000000d6580000,0x00000000d6700000)
 ParOldGen       total 68608K, used 59926K [0x0000000080000000, 0x0000000084300000, 0x00000000d5580000)
  object space 68608K, 87% used [0x0000000080000000,0x0000000083a859a8,0x0000000084300000)
 Metaspace       used 72318K, committed 73856K, reserved 1114112K
  class space    used 8866K, committed 9536K, reserved 1048576K
}
Event: 11.023 GC heap before
{Heap before GC invocations=62 (full 3):
 PSYoungGen      total 17408K, used 17408K [0x00000000d5580000, 0x00000000d6880000, 0x0000000100000000)
  eden space 16384K, 100% used [0x00000000d5580000,0x00000000d6580000,0x00000000d6580000)
  from space 1024K, 100% used [0x00000000d6780000,0x00000000d6880000,0x00000000d6880000)
  to   space 1536K, 0% used [0x00000000d6580000,0x00000000d6580000,0x00000000d6700000)
 ParOldGen       total 68608K, used 59926K [0x0000000080000000, 0x0000000084300000, 0x00000000d5580000)
  object space 68608K, 87% used [0x0000000080000000,0x0000000083a859a8,0x0000000084300000)
 Metaspace       used 73395K, committed 74944K, reserved 1114112K
  class space    used 8995K, committed 9664K, reserved 1048576K
}
Event: 11.026 GC heap after
{Heap after GC invocations=62 (full 3):
 PSYoungGen      total 17920K, used 1535K [0x00000000d5580000, 0x00000000d7280000, 0x0000000100000000)
  eden space 16384K, 0% used [0x00000000d5580000,0x00000000d5580000,0x00000000d6580000)
  from space 1536K, 99% used [0x00000000d6580000,0x00000000d66ffc28,0x00000000d6700000)
  to   space 6656K, 0% used [0x00000000d6c00000,0x00000000d6c00000,0x00000000d7280000)
 ParOldGen       total 68608K, used 63958K [0x0000000080000000, 0x0000000084300000, 0x00000000d5580000)
  object space 68608K, 93% used [0x0000000080000000,0x0000000083e75850,0x0000000084300000)
 Metaspace       used 73395K, committed 74944K, reserved 1114112K
  class space    used 8995K, committed 9664K, reserved 1048576K
}
Event: 12.110 GC heap before
{Heap before GC invocations=63 (full 3):
 PSYoungGen      total 17920K, used 17919K [0x00000000d5580000, 0x00000000d7280000, 0x0000000100000000)
  eden space 16384K, 100% used [0x00000000d5580000,0x00000000d6580000,0x00000000d6580000)
  from space 1536K, 99% used [0x00000000d6580000,0x00000000d66ffc28,0x00000000d6700000)
  to   space 6656K, 0% used [0x00000000d6c00000,0x00000000d6c00000,0x00000000d7280000)
 ParOldGen       total 68608K, used 63958K [0x0000000080000000, 0x0000000084300000, 0x00000000d5580000)
  object space 68608K, 93% used [0x0000000080000000,0x0000000083e75850,0x0000000084300000)
 Metaspace       used 74686K, committed 76288K, reserved 1179648K
  class space    used 9134K, committed 9792K, reserved 1048576K
}
Event: 12.111 GC heap after
{Heap after GC invocations=63 (full 3):
 PSYoungGen      total 19456K, used 3065K [0x00000000d5580000, 0x00000000d6f00000, 0x0000000100000000)
  eden space 16384K, 0% used [0x00000000d5580000,0x00000000d5580000,0x00000000d6580000)
  from space 3072K, 99% used [0x00000000d6c00000,0x00000000d6efe4a0,0x00000000d6f00000)
  to   space 4096K, 0% used [0x00000000d6700000,0x00000000d6700000,0x00000000d6b00000)
 ParOldGen       total 68608K, used 65299K [0x0000000080000000, 0x0000000084300000, 0x00000000d5580000)
  object space 68608K, 95% used [0x0000000080000000,0x0000000083fc4d70,0x0000000084300000)
 Metaspace       used 74686K, committed 76288K, reserved 1179648K
  class space    used 9134K, committed 9792K, reserved 1048576K
}
Event: 12.299 GC heap before
{Heap before GC invocations=64 (full 3):
 PSYoungGen      total 19456K, used 19449K [0x00000000d5580000, 0x00000000d6f00000, 0x0000000100000000)
  eden space 16384K, 100% used [0x00000000d5580000,0x00000000d6580000,0x00000000d6580000)
  from space 3072K, 99% used [0x00000000d6c00000,0x00000000d6efe4a0,0x00000000d6f00000)
  to   space 4096K, 0% used [0x00000000d6700000,0x00000000d6700000,0x00000000d6b00000)
 ParOldGen       total 68608K, used 65299K [0x0000000080000000, 0x0000000084300000, 0x00000000d5580000)
  object space 68608K, 95% used [0x0000000080000000,0x0000000083fc4d70,0x0000000084300000)
 Metaspace       used 75959K, committed 77504K, reserved 1179648K
  class space    used 9228K, committed 9856K, reserved 1048576K
}
Event: 12.301 GC heap after
{Heap after GC invocations=64 (full 3):
 PSYoungGen      total 20480K, used 3758K [0x00000000d5580000, 0x00000000d6d80000, 0x0000000100000000)
  eden space 16384K, 0% used [0x00000000d5580000,0x00000000d5580000,0x00000000d6580000)
  from space 4096K, 91% used [0x00000000d6700000,0x00000000d6aaba48,0x00000000d6b00000)
  to   space 2560K, 0% used [0x00000000d6b00000,0x00000000d6b00000,0x00000000d6d80000)
 ParOldGen       total 68608K, used 65953K [0x0000000080000000, 0x0000000084300000, 0x00000000d5580000)
  object space 68608K, 96% used [0x0000000080000000,0x0000000084068450,0x0000000084300000)
 Metaspace       used 75959K, committed 77504K, reserved 1179648K
  class space    used 9228K, committed 9856K, reserved 1048576K
}

